<?xml version="1.0" encoding="UTF-8"?>
<!-- Generated by org.testng.reporters.JUnitReportReporter -->
<testsuite hostname="LAPTOP-CC8323LO" failures="0" tests="3" name="com.TestingFolder.SubmitOrderTest" time="25.647" errors="0" timestamp="2025-01-09T20:18:12 IST" skipped="0">
  <testcase classname="com.TestingFolder.SubmitOrderTest" name="orderHistory" time="3.920"/>
  <testcase classname="com.TestingFolder.SubmitOrderTest" name="submitOrder" time="5.592"/>
  <testcase classname="com.TestingFolder.SubmitOrderTest" name="submitOrder" time="16.135"/>
</testsuite> <!-- com.TestingFolder.SubmitOrderTest -->
